2023-03-12 15:13:56.631 [main] INFO  input-errors - as
2023-03-12 15:13:57.102 [main] INFO  input-errors - asasa
2023-03-12 15:13:57.820 [main] INFO  input-errors - sasasasa
2023-03-12 15:13:58.360 [main] INFO  input-errors - sasas
2023-03-12 15:13:58.591 [main] INFO  input-errors - as
2023-03-12 15:13:58.754 [main] INFO  input-errors - as
2023-03-12 15:13:58.892 [main] INFO  input-errors - as
2023-03-12 15:13:59.008 [main] INFO  input-errors - a
2023-03-12 15:13:59.140 [main] INFO  input-errors - sa
2023-03-12 15:13:59.727 [main] INFO  input-errors - sasasa
2023-03-12 15:14:00.075 [main] INFO  input-errors - sas
2023-03-12 15:14:00.994 [main] INFO  input-errors - asasasasas
2023-03-12 15:14:01.368 [main] INFO  input-errors - asas
2023-03-12 15:14:01.482 [main] INFO  input-errors - as
2023-03-12 15:14:01.617 [main] INFO  input-errors - a
2023-03-12 15:14:02.235 [main] INFO  input-errors - sasasa
2023-03-12 15:14:02.420 [main] INFO  input-errors - sa
2023-03-12 15:14:02.493 [main] INFO  input-errors - s
2023-03-12 15:14:02.636 [main] INFO  input-errors - as
2023-03-12 15:14:02.728 [main] INFO  input-errors - 
2023-03-12 15:14:02.791 [main] INFO  input-errors - a
2023-03-12 15:14:02.853 [main] INFO  input-errors - s
2023-03-12 15:14:03.623 [main] INFO  input-errors - asasasas
2023-03-12 15:14:03.708 [main] INFO  input-errors - a
2023-03-12 15:14:03.770 [main] INFO  input-errors - 
2023-03-12 15:14:03.955 [main] INFO  input-errors - sa
2023-03-12 15:14:04.292 [main] INFO  input-errors - sas
2023-03-12 15:14:04.556 [main] INFO  input-errors - asa
2023-03-12 15:14:05.504 [main] INFO  input-errors - sas
2023-05-26 16:19:04.149 [main] INFO  input-errors - bbb
